<?xml version="1.0" encoding="UTF-8"?>
<!-- Generated by org.testng.reporters.JUnitReportReporter -->
<testsuite hostname="ip-172-31-21-20" failures="0" tests="1" name="com.simplilearn.OnlineFoodService.StepDefinitions" time="3.494" errors="0" timestamp="01 Jun 2023 05:30:37 GMT" skipped="0">
  <testcase classname="com.simplilearn.OnlineFoodService.StepDefinitions" name="setUp" time="3.494"/>
</testsuite> <!-- com.simplilearn.OnlineFoodService.StepDefinitions -->
